2025-02-25 04:34:30 - INFO [main] c.c.E.EmployeePayrollProjectApplication - Starting EmployeePayrollProjectApplication using Java 23.0.2 with PID 8396 (C:\capgemini\Employee-Payroll-Project\Employee-Payroll-Project\target\classes started by gshri in C:\capgemini\Employee-Payroll-Project\Employee-Payroll-Project)
2025-02-25 04:34:30 - DEBUG [main] c.c.E.EmployeePayrollProjectApplication - Running with Spring Boot v3.4.3, Spring v6.2.3
2025-02-25 04:34:30 - INFO [main] c.c.E.EmployeePayrollProjectApplication - No active profile set, falling back to 1 default profile: "default"
2025-02-25 04:34:32 - INFO [main] o.s.d.r.c.RepositoryConfigurationDelegate - Bootstrapping Spring Data JPA repositories in DEFAULT mode.
2025-02-25 04:34:32 - INFO [main] o.s.d.r.c.RepositoryConfigurationDelegate - Finished Spring Data repository scanning in 62 ms. Found 1 JPA repository interface.
2025-02-25 04:34:32 - INFO [main] o.s.b.w.e.tomcat.TomcatWebServer - Tomcat initialized with port 8080 (http)
2025-02-25 04:34:32 - INFO [main] o.a.catalina.core.StandardService - Starting service [Tomcat]
2025-02-25 04:34:32 - INFO [main] o.a.catalina.core.StandardEngine - Starting Servlet engine: [Apache Tomcat/10.1.36]
2025-02-25 04:34:33 - INFO [main] o.a.c.c.C.[Tomcat].[localhost].[/] - Initializing Spring embedded WebApplicationContext
2025-02-25 04:34:33 - INFO [main] o.s.b.w.s.c.ServletWebServerApplicationContext - Root WebApplicationContext: initialization completed in 1989 ms
2025-02-25 04:34:33 - INFO [main] com.zaxxer.hikari.HikariDataSource - HikariPool-1 - Starting...
2025-02-25 04:34:33 - INFO [main] com.zaxxer.hikari.pool.HikariPool - HikariPool-1 - Added connection conn0: url=jdbc:h2:mem:2b8264ec-0387-4651-bc03-a4090e689e5d user=SA
2025-02-25 04:34:33 - INFO [main] com.zaxxer.hikari.HikariDataSource - HikariPool-1 - Start completed.
2025-02-25 04:34:33 - INFO [main] o.h.jpa.internal.util.LogHelper - HHH000204: Processing PersistenceUnitInfo [name: default]
2025-02-25 04:34:33 - INFO [main] org.hibernate.Version - HHH000412: Hibernate ORM core version 6.6.8.Final
2025-02-25 04:34:33 - INFO [main] o.h.c.i.RegionFactoryInitiator - HHH000026: Second-level cache disabled
2025-02-25 04:34:34 - INFO [main] o.s.o.j.p.SpringPersistenceUnitInfo - No LoadTimeWeaver setup: ignoring JPA class transformer
2025-02-25 04:34:34 - INFO [main] o.hibernate.orm.connections.pooling - HHH10001005: Database info:
	Database JDBC URL [Connecting through datasource 'HikariDataSource (HikariPool-1)']
	Database driver: undefined/unknown
	Database version: 2.3.232
	Autocommit mode: undefined/unknown
	Isolation level: undefined/unknown
	Minimum pool size: undefined/unknown
	Maximum pool size: undefined/unknown
2025-02-25 04:34:35 - INFO [main] o.h.e.t.j.p.i.JtaPlatformInitiator - HHH000489: No JTA platform available (set 'hibernate.transaction.jta.platform' to enable JTA platform integration)
2025-02-25 04:34:35 - INFO [main] o.s.o.j.LocalContainerEntityManagerFactoryBean - Initialized JPA EntityManagerFactory for persistence unit 'default'
2025-02-25 04:34:35 - WARN [main] o.s.b.a.o.j.JpaBaseConfiguration$JpaWebConfiguration - spring.jpa.open-in-view is enabled by default. Therefore, database queries may be performed during view rendering. Explicitly configure spring.jpa.open-in-view to disable this warning
2025-02-25 04:34:36 - INFO [main] o.s.b.w.e.tomcat.TomcatWebServer - Tomcat started on port 8080 (http) with context path '/'
2025-02-25 04:34:36 - INFO [main] c.c.E.EmployeePayrollProjectApplication - Started EmployeePayrollProjectApplication in 6.118 seconds (process running for 6.785)
2025-02-25 04:34:44 - INFO [SpringApplicationShutdownHook] o.s.b.w.e.tomcat.GracefulShutdown - Commencing graceful shutdown. Waiting for active requests to complete
2025-02-25 04:34:44 - INFO [tomcat-shutdown] o.s.b.w.e.tomcat.GracefulShutdown - Graceful shutdown complete
2025-02-25 04:34:44 - INFO [SpringApplicationShutdownHook] o.s.o.j.LocalContainerEntityManagerFactoryBean - Closing JPA EntityManagerFactory for persistence unit 'default'
2025-02-25 04:34:44 - INFO [SpringApplicationShutdownHook] com.zaxxer.hikari.HikariDataSource - HikariPool-1 - Shutdown initiated...
2025-02-25 04:34:44 - INFO [SpringApplicationShutdownHook] com.zaxxer.hikari.HikariDataSource - HikariPool-1 - Shutdown completed.
